SyntaxError: Unexpected token <
    at Object.parse (native)
    at module.exports.callback (/home/jmichalik/gems_server/api/routes.js:78:21)
    at Layer.handle [as handle_request] (/home/jmichalik/gems_server/node_modules/express/lib/router/layer.js:95:5)
    at next (/home/jmichalik/gems_server/node_modules/express/lib/router/route.js:131:13)
    at Route.dispatch (/home/jmichalik/gems_server/node_modules/express/lib/router/route.js:112:3)
    at Layer.handle [as handle_request] (/home/jmichalik/gems_server/node_modules/express/lib/router/layer.js:95:5)
    at /home/jmichalik/gems_server/node_modules/express/lib/router/index.js:277:22
    at param (/home/jmichalik/gems_server/node_modules/express/lib/router/index.js:349:14)
    at param (/home/jmichalik/gems_server/node_modules/express/lib/router/index.js:365:14)
    at param (/home/jmichalik/gems_server/node_modules/express/lib/router/index.js:365:14)
SyntaxError: Unexpected token <
    at Object.parse (native)
    at module.exports.callback (/home/jmichalik/gems_server/api/routes.js:78:21)
    at Layer.handle [as handle_request] (/home/jmichalik/gems_server/node_modules/express/lib/router/layer.js:95:5)
    at next (/home/jmichalik/gems_server/node_modules/express/lib/router/route.js:131:13)
    at Route.dispatch (/home/jmichalik/gems_server/node_modules/express/lib/router/route.js:112:3)
    at Layer.handle [as handle_request] (/home/jmichalik/gems_server/node_modules/express/lib/router/layer.js:95:5)
    at /home/jmichalik/gems_server/node_modules/express/lib/router/index.js:277:22
    at param (/home/jmichalik/gems_server/node_modules/express/lib/router/index.js:349:14)
    at param (/home/jmichalik/gems_server/node_modules/express/lib/router/index.js:365:14)
    at param (/home/jmichalik/gems_server/node_modules/express/lib/router/index.js:365:14)
SyntaxError: Unexpected token <
    at Object.parse (native)
    at module.exports.callback (/home/jmichalik/gems_server/api/routes.js:78:21)
    at Layer.handle [as handle_request] (/home/jmichalik/gems_server/node_modules/express/lib/router/layer.js:95:5)
    at next (/home/jmichalik/gems_server/node_modules/express/lib/router/route.js:131:13)
    at Route.dispatch (/home/jmichalik/gems_server/node_modules/express/lib/router/route.js:112:3)
    at Layer.handle [as handle_request] (/home/jmichalik/gems_server/node_modules/express/lib/router/layer.js:95:5)
    at /home/jmichalik/gems_server/node_modules/express/lib/router/index.js:277:22
    at param (/home/jmichalik/gems_server/node_modules/express/lib/router/index.js:349:14)
    at param (/home/jmichalik/gems_server/node_modules/express/lib/router/index.js:365:14)
    at param (/home/jmichalik/gems_server/node_modules/express/lib/router/index.js:365:14)
SyntaxError: Unexpected token <
    at Object.parse (native)
    at module.exports.callback (/home/jmichalik/gems_server/api/routes.js:78:21)
    at Layer.handle [as handle_request] (/home/jmichalik/gems_server/node_modules/express/lib/router/layer.js:95:5)
    at next (/home/jmichalik/gems_server/node_modules/express/lib/router/route.js:131:13)
    at Route.dispatch (/home/jmichalik/gems_server/node_modules/express/lib/router/route.js:112:3)
    at Layer.handle [as handle_request] (/home/jmichalik/gems_server/node_modules/express/lib/router/layer.js:95:5)
    at /home/jmichalik/gems_server/node_modules/express/lib/router/index.js:277:22
    at param (/home/jmichalik/gems_server/node_modules/express/lib/router/index.js:349:14)
    at param (/home/jmichalik/gems_server/node_modules/express/lib/router/index.js:365:14)
    at param (/home/jmichalik/gems_server/node_modules/express/lib/router/index.js:365:14)
SyntaxError: Unexpected token <
    at Object.parse (native)
    at module.exports.callback (/home/jmichalik/gems_server/api/routes.js:78:21)
    at Layer.handle [as handle_request] (/home/jmichalik/gems_server/node_modules/express/lib/router/layer.js:95:5)
    at next (/home/jmichalik/gems_server/node_modules/express/lib/router/route.js:131:13)
    at Route.dispatch (/home/jmichalik/gems_server/node_modules/express/lib/router/route.js:112:3)
    at Layer.handle [as handle_request] (/home/jmichalik/gems_server/node_modules/express/lib/router/layer.js:95:5)
    at /home/jmichalik/gems_server/node_modules/express/lib/router/index.js:277:22
    at param (/home/jmichalik/gems_server/node_modules/express/lib/router/index.js:349:14)
    at param (/home/jmichalik/gems_server/node_modules/express/lib/router/index.js:365:14)
    at param (/home/jmichalik/gems_server/node_modules/express/lib/router/index.js:365:14)
SyntaxError: Unexpected token <
    at Object.parse (native)
    at module.exports.callback (/home/jmichalik/gems_server/api/routes.js:78:21)
    at Layer.handle [as handle_request] (/home/jmichalik/gems_server/node_modules/express/lib/router/layer.js:95:5)
    at next (/home/jmichalik/gems_server/node_modules/express/lib/router/route.js:131:13)
    at Route.dispatch (/home/jmichalik/gems_server/node_modules/express/lib/router/route.js:112:3)
    at Layer.handle [as handle_request] (/home/jmichalik/gems_server/node_modules/express/lib/router/layer.js:95:5)
    at /home/jmichalik/gems_server/node_modules/express/lib/router/index.js:277:22
    at param (/home/jmichalik/gems_server/node_modules/express/lib/router/index.js:349:14)
    at param (/home/jmichalik/gems_server/node_modules/express/lib/router/index.js:365:14)
    at param (/home/jmichalik/gems_server/node_modules/express/lib/router/index.js:365:14)
SyntaxError: Unexpected token <
    at Object.parse (native)
    at module.exports.callback (/home/jmichalik/gems_server/api/routes.js:78:21)
    at Layer.handle [as handle_request] (/home/jmichalik/gems_server/node_modules/express/lib/router/layer.js:95:5)
    at next (/home/jmichalik/gems_server/node_modules/express/lib/router/route.js:131:13)
    at Route.dispatch (/home/jmichalik/gems_server/node_modules/express/lib/router/route.js:112:3)
    at Layer.handle [as handle_request] (/home/jmichalik/gems_server/node_modules/express/lib/router/layer.js:95:5)
    at /home/jmichalik/gems_server/node_modules/express/lib/router/index.js:277:22
    at param (/home/jmichalik/gems_server/node_modules/express/lib/router/index.js:349:14)
    at param (/home/jmichalik/gems_server/node_modules/express/lib/router/index.js:365:14)
    at param (/home/jmichalik/gems_server/node_modules/express/lib/router/index.js:365:14)
SyntaxError: Unexpected token <
    at Object.parse (native)
    at module.exports.callback (/home/jmichalik/gems_server/api/routes.js:78:21)
    at Layer.handle [as handle_request] (/home/jmichalik/gems_server/node_modules/express/lib/router/layer.js:95:5)
    at next (/home/jmichalik/gems_server/node_modules/express/lib/router/route.js:131:13)
    at Route.dispatch (/home/jmichalik/gems_server/node_modules/express/lib/router/route.js:112:3)
    at Layer.handle [as handle_request] (/home/jmichalik/gems_server/node_modules/express/lib/router/layer.js:95:5)
    at /home/jmichalik/gems_server/node_modules/express/lib/router/index.js:277:22
    at param (/home/jmichalik/gems_server/node_modules/express/lib/router/index.js:349:14)
    at param (/home/jmichalik/gems_server/node_modules/express/lib/router/index.js:365:14)
    at param (/home/jmichalik/gems_server/node_modules/express/lib/router/index.js:365:14)
SyntaxError: Unexpected token <
    at Object.parse (native)
    at module.exports.callback (/home/jmichalik/gems_server/api/routes.js:78:21)
    at Layer.handle [as handle_request] (/home/jmichalik/gems_server/node_modules/express/lib/router/layer.js:95:5)
    at next (/home/jmichalik/gems_server/node_modules/express/lib/router/route.js:131:13)
    at Route.dispatch (/home/jmichalik/gems_server/node_modules/express/lib/router/route.js:112:3)
    at Layer.handle [as handle_request] (/home/jmichalik/gems_server/node_modules/express/lib/router/layer.js:95:5)
    at /home/jmichalik/gems_server/node_modules/express/lib/router/index.js:277:22
    at param (/home/jmichalik/gems_server/node_modules/express/lib/router/index.js:349:14)
    at param (/home/jmichalik/gems_server/node_modules/express/lib/router/index.js:365:14)
    at param (/home/jmichalik/gems_server/node_modules/express/lib/router/index.js:365:14)
SyntaxError: Unexpected token <
    at Object.parse (native)
    at module.exports.callback (/home/jmichalik/gems_server/api/routes.js:78:21)
    at Layer.handle [as handle_request] (/home/jmichalik/gems_server/node_modules/express/lib/router/layer.js:95:5)
    at next (/home/jmichalik/gems_server/node_modules/express/lib/router/route.js:131:13)
    at Route.dispatch (/home/jmichalik/gems_server/node_modules/express/lib/router/route.js:112:3)
    at Layer.handle [as handle_request] (/home/jmichalik/gems_server/node_modules/express/lib/router/layer.js:95:5)
    at /home/jmichalik/gems_server/node_modules/express/lib/router/index.js:277:22
    at param (/home/jmichalik/gems_server/node_modules/express/lib/router/index.js:349:14)
    at param (/home/jmichalik/gems_server/node_modules/express/lib/router/index.js:365:14)
    at param (/home/jmichalik/gems_server/node_modules/express/lib/router/index.js:365:14)
